{"/Users/miguelgarcia/Developer/Knack/Challenge/src/app/controllers/NodeAppController.ts": {"path":"/Users/miguelgarcia/Developer/Knack/Challenge/src/app/controllers/NodeAppController.ts","statementMap":{"0":{"start":{"line":2,"column":22},"end":{"line":4,"column":1}},"1":{"start":{"line":3,"column":4},"end":{"line":3,"column":62}},"2":{"start":{"line":5,"column":0},"end":{"line":5,"column":62}},"3":{"start":{"line":6,"column":31},"end":{"line":6,"column":82}},"4":{"start":{"line":9,"column":8},"end":{"line":9,"column":84}},"5":{"start":{"line":12,"column":8},"end":{"line":21,"column":9}},"6":{"start":{"line":13,"column":32},"end":{"line":13,"column":75}},"7":{"start":{"line":14,"column":30},"end":{"line":14,"column":74}},"8":{"start":{"line":15,"column":12},"end":{"line":15,"column":59}},"9":{"start":{"line":16,"column":12},"end":{"line":16,"column":24}},"10":{"start":{"line":20,"column":12},"end":{"line":20,"column":25}},"11":{"start":{"line":24,"column":0},"end":{"line":24,"column":36}}},"fnMap":{"0":{"name":"(anonymous_0)","decl":{"start":{"line":2,"column":56},"end":{"line":2,"column":57}},"loc":{"start":{"line":2,"column":71},"end":{"line":4,"column":1}},"line":2},"1":{"name":"(anonymous_1)","decl":{"start":{"line":8,"column":4},"end":{"line":8,"column":5}},"loc":{"start":{"line":8,"column":18},"end":{"line":10,"column":5}},"line":8},"2":{"name":"(anonymous_2)","decl":{"start":{"line":11,"column":4},"end":{"line":11,"column":5}},"loc":{"start":{"line":11,"column":32},"end":{"line":22,"column":5}},"line":11}},"branchMap":{"0":{"loc":{"start":{"line":2,"column":22},"end":{"line":4,"column":1}},"type":"binary-expr","locations":[{"start":{"line":2,"column":23},"end":{"line":2,"column":27}},{"start":{"line":2,"column":31},"end":{"line":2,"column":51}},{"start":{"line":2,"column":56},"end":{"line":4,"column":1}}],"line":2},"1":{"loc":{"start":{"line":3,"column":11},"end":{"line":3,"column":61}},"type":"cond-expr","locations":[{"start":{"line":3,"column":37},"end":{"line":3,"column":40}},{"start":{"line":3,"column":43},"end":{"line":3,"column":61}}],"line":3},"2":{"loc":{"start":{"line":3,"column":12},"end":{"line":3,"column":33}},"type":"binary-expr","locations":[{"start":{"line":3,"column":12},"end":{"line":3,"column":15}},{"start":{"line":3,"column":19},"end":{"line":3,"column":33}}],"line":3}},"s":{"0":1,"1":1,"2":1,"3":1,"4":1,"5":2,"6":2,"7":1,"8":1,"9":1,"10":1,"11":1},"f":{"0":1,"1":1,"2":2},"b":{"0":[1,1,1],"1":[1,0],"2":[1,1]},"_coverageSchema":"1a1c01bbd47fc00a2c39e90264f33305004495a9","hash":"8d35d3d54297986cec654388d0961101f57765c2"}
,"/Users/miguelgarcia/Developer/Knack/Challenge/src/app/dependency-injection/index.ts": {"path":"/Users/miguelgarcia/Developer/Knack/Challenge/src/app/dependency-injection/index.ts","statementMap":{"0":{"start":{"line":2,"column":0},"end":{"line":2,"column":62}},"1":{"start":{"line":3,"column":36},"end":{"line":3,"column":72}},"2":{"start":{"line":4,"column":18},"end":{"line":4,"column":68}},"3":{"start":{"line":5,"column":15},"end":{"line":5,"column":72}},"4":{"start":{"line":6,"column":0},"end":{"line":6,"column":45}},"5":{"start":{"line":7,"column":0},"end":{"line":7,"column":28}}},"fnMap":{},"branchMap":{},"s":{"0":1,"1":1,"2":1,"3":1,"4":1,"5":1},"f":{},"b":{},"_coverageSchema":"1a1c01bbd47fc00a2c39e90264f33305004495a9","hash":"e6b3f45f835320862ddb49580552dca433f6728a"}
,"/Users/miguelgarcia/Developer/Knack/Challenge/src/contexts/shared/infrastructure/services/NodeApp/NodeAppService.ts": {"path":"/Users/miguelgarcia/Developer/Knack/Challenge/src/contexts/shared/infrastructure/services/NodeApp/NodeAppService.ts","statementMap":{"0":{"start":{"line":2,"column":0},"end":{"line":2,"column":62}},"1":{"start":{"line":3,"column":11},"end":{"line":3,"column":33}},"2":{"start":{"line":6,"column":8},"end":{"line":14,"column":9}},"3":{"start":{"line":7,"column":28},"end":{"line":7,"column":72}},"4":{"start":{"line":8,"column":25},"end":{"line":8,"column":51}},"5":{"start":{"line":9,"column":32},"end":{"line":9,"column":48}},"6":{"start":{"line":10,"column":12},"end":{"line":10,"column":31}},"7":{"start":{"line":13,"column":12},"end":{"line":13,"column":61}},"8":{"start":{"line":17,"column":8},"end":{"line":23,"column":9}},"9":{"start":{"line":18,"column":12},"end":{"line":18,"column":122}},"10":{"start":{"line":19,"column":12},"end":{"line":19,"column":24}},"11":{"start":{"line":22,"column":12},"end":{"line":22,"column":50}},"12":{"start":{"line":26,"column":8},"end":{"line":42,"column":9}},"13":{"start":{"line":27,"column":30},"end":{"line":27,"column":32}},"14":{"start":{"line":28,"column":29},"end":{"line":28,"column":64}},"15":{"start":{"line":29,"column":12},"end":{"line":36,"column":15}},"16":{"start":{"line":30,"column":33},"end":{"line":30,"column":68}},"17":{"start":{"line":31,"column":35},"end":{"line":31,"column":109}},"18":{"start":{"line":32,"column":34},"end":{"line":32,"column":99}},"19":{"start":{"line":33,"column":16},"end":{"line":33,"column":50}},"20":{"start":{"line":34,"column":16},"end":{"line":34,"column":48}},"21":{"start":{"line":35,"column":16},"end":{"line":35,"column":45}},"22":{"start":{"line":37,"column":12},"end":{"line":37,"column":46}},"23":{"start":{"line":38,"column":12},"end":{"line":38,"column":30}},"24":{"start":{"line":41,"column":12},"end":{"line":41,"column":72}},"25":{"start":{"line":45,"column":8},"end":{"line":58,"column":9}},"26":{"start":{"line":46,"column":32},"end":{"line":49,"column":14}},"27":{"start":{"line":46,"column":72},"end":{"line":46,"column":84}},"28":{"start":{"line":48,"column":16},"end":{"line":48,"column":66}},"29":{"start":{"line":48,"column":45},"end":{"line":48,"column":64}},"30":{"start":{"line":50,"column":12},"end":{"line":53,"column":15}},"31":{"start":{"line":51,"column":34},"end":{"line":51,"column":95}},"32":{"start":{"line":52,"column":16},"end":{"line":52,"column":52}},"33":{"start":{"line":54,"column":12},"end":{"line":54,"column":33}},"34":{"start":{"line":57,"column":12},"end":{"line":57,"column":71}},"35":{"start":{"line":61,"column":27},"end":{"line":64,"column":10}},"36":{"start":{"line":61,"column":66},"end":{"line":61,"column":78}},"37":{"start":{"line":63,"column":12},"end":{"line":63,"column":61}},"38":{"start":{"line":63,"column":40},"end":{"line":63,"column":59}},"39":{"start":{"line":65,"column":8},"end":{"line":65,"column":28}},"40":{"start":{"line":68,"column":0},"end":{"line":68,"column":33}}},"fnMap":{"0":{"name":"(anonymous_0)","decl":{"start":{"line":5,"column":4},"end":{"line":5,"column":5}},"loc":{"start":{"line":5,"column":35},"end":{"line":15,"column":5}},"line":5},"1":{"name":"(anonymous_1)","decl":{"start":{"line":16,"column":4},"end":{"line":16,"column":5}},"loc":{"start":{"line":16,"column":36},"end":{"line":24,"column":5}},"line":16},"2":{"name":"(anonymous_2)","decl":{"start":{"line":25,"column":4},"end":{"line":25,"column":5}},"loc":{"start":{"line":25,"column":32},"end":{"line":43,"column":5}},"line":25},"3":{"name":"(anonymous_3)","decl":{"start":{"line":29,"column":33},"end":{"line":29,"column":34}},"loc":{"start":{"line":29,"column":46},"end":{"line":36,"column":13}},"line":29},"4":{"name":"(anonymous_4)","decl":{"start":{"line":44,"column":4},"end":{"line":44,"column":5}},"loc":{"start":{"line":44,"column":78},"end":{"line":59,"column":5}},"line":44},"5":{"name":"(anonymous_5)","decl":{"start":{"line":46,"column":67},"end":{"line":46,"column":68}},"loc":{"start":{"line":46,"column":72},"end":{"line":46,"column":84}},"line":46},"6":{"name":"(anonymous_6)","decl":{"start":{"line":47,"column":21},"end":{"line":47,"column":22}},"loc":{"start":{"line":47,"column":27},"end":{"line":49,"column":13}},"line":47},"7":{"name":"(anonymous_7)","decl":{"start":{"line":48,"column":40},"end":{"line":48,"column":41}},"loc":{"start":{"line":48,"column":45},"end":{"line":48,"column":64}},"line":48},"8":{"name":"(anonymous_8)","decl":{"start":{"line":50,"column":30},"end":{"line":50,"column":31}},"loc":{"start":{"line":50,"column":40},"end":{"line":53,"column":13}},"line":50},"9":{"name":"(anonymous_9)","decl":{"start":{"line":60,"column":4},"end":{"line":60,"column":5}},"loc":{"start":{"line":60,"column":48},"end":{"line":66,"column":5}},"line":60},"10":{"name":"(anonymous_10)","decl":{"start":{"line":61,"column":61},"end":{"line":61,"column":62}},"loc":{"start":{"line":61,"column":66},"end":{"line":61,"column":78}},"line":61},"11":{"name":"(anonymous_11)","decl":{"start":{"line":62,"column":17},"end":{"line":62,"column":18}},"loc":{"start":{"line":62,"column":23},"end":{"line":64,"column":9}},"line":62},"12":{"name":"(anonymous_12)","decl":{"start":{"line":63,"column":35},"end":{"line":63,"column":36}},"loc":{"start":{"line":63,"column":40},"end":{"line":63,"column":59}},"line":63}},"branchMap":{},"s":{"0":2,"1":2,"2":1,"3":1,"4":1,"5":1,"6":1,"7":0,"8":0,"9":0,"10":0,"11":0,"12":1,"13":1,"14":1,"15":1,"16":1,"17":1,"18":1,"19":1,"20":1,"21":1,"22":1,"23":1,"24":0,"25":3,"26":3,"27":4,"28":3,"29":3,"30":3,"31":3,"32":3,"33":3,"34":0,"35":4,"36":10,"37":6,"38":10,"39":4,"40":2},"f":{"0":1,"1":0,"2":1,"3":1,"4":3,"5":4,"6":3,"7":3,"8":3,"9":4,"10":10,"11":6,"12":10},"b":{},"_coverageSchema":"1a1c01bbd47fc00a2c39e90264f33305004495a9","hash":"2198fa6f8216f0f171232f38a4b41edb1741897e"}
}
