TN:
SF:src/app/controllers/NodeAppController.ts
FN:2,(anonymous_0)
FN:8,(anonymous_1)
FN:11,(anonymous_2)
FNF:3
FNH:3
FNDA:1,(anonymous_0)
FNDA:1,(anonymous_1)
FNDA:2,(anonymous_2)
DA:2,1
DA:3,1
DA:5,1
DA:6,1
DA:9,1
DA:12,2
DA:13,2
DA:14,1
DA:15,1
DA:16,1
DA:20,1
DA:24,1
LF:12
LH:12
BRDA:2,0,0,1
BRDA:2,0,1,1
BRDA:2,0,2,1
BRDA:3,1,0,1
BRDA:3,1,1,0
BRDA:3,2,0,1
BRDA:3,2,1,1
BRF:7
BRH:6
end_of_record
TN:
SF:src/app/dependency-injection/index.ts
FNF:0
FNH:0
DA:2,1
DA:3,1
DA:4,1
DA:5,1
DA:6,1
DA:7,1
LF:6
LH:6
BRF:0
BRH:0
end_of_record
TN:
SF:src/contexts/shared/infrastructure/services/NodeApp/NodeAppService.ts
FN:5,(anonymous_0)
FN:16,(anonymous_1)
FN:25,(anonymous_2)
FN:29,(anonymous_3)
FN:44,(anonymous_4)
FN:46,(anonymous_5)
FN:47,(anonymous_6)
FN:48,(anonymous_7)
FN:50,(anonymous_8)
FN:60,(anonymous_9)
FN:61,(anonymous_10)
FN:62,(anonymous_11)
FN:63,(anonymous_12)
FNF:13
FNH:12
FNDA:1,(anonymous_0)
FNDA:0,(anonymous_1)
FNDA:1,(anonymous_2)
FNDA:1,(anonymous_3)
FNDA:3,(anonymous_4)
FNDA:4,(anonymous_5)
FNDA:3,(anonymous_6)
FNDA:3,(anonymous_7)
FNDA:3,(anonymous_8)
FNDA:4,(anonymous_9)
FNDA:10,(anonymous_10)
FNDA:6,(anonymous_11)
FNDA:10,(anonymous_12)
DA:2,2
DA:3,2
DA:6,1
DA:7,1
DA:8,1
DA:9,1
DA:10,1
DA:13,0
DA:17,0
DA:18,0
DA:19,0
DA:22,0
DA:26,1
DA:27,1
DA:28,1
DA:29,1
DA:30,1
DA:31,1
DA:32,1
DA:33,1
DA:34,1
DA:35,1
DA:37,1
DA:38,1
DA:41,0
DA:45,3
DA:46,4
DA:48,3
DA:50,3
DA:51,3
DA:52,3
DA:54,3
DA:57,0
DA:61,10
DA:63,10
DA:65,4
DA:68,2
LF:37
LH:30
BRF:0
BRH:0
end_of_record
